<?xml version="1.0" encoding="UTF-8"?>
<testng-results ignored="0" total="1" passed="1" failed="0" skipped="0">
  <reporter-output>
  </reporter-output>
  <suite started-at="2022-01-06T16:52:53Z" name="Default suite" finished-at="2022-01-06T16:52:59Z" duration-ms="6105">
    <groups>
    </groups>
    <test started-at="2022-01-06T16:52:53Z" name="Default test" finished-at="2022-01-06T16:52:59Z" duration-ms="6105">
      <class name="DemoA.Log4JDemo.ExtentReportDemoTest">
        <test-method is-config="true" signature="startTest()[pri:0, instance:DemoA.Log4JDemo.ExtentReportDemoTest@663c9e7a]" started-at="2022-01-06T16:52:53Z" name="startTest" finished-at="2022-01-06T16:52:53Z" duration-ms="365" status="PASS">
          <reporter-output>
          </reporter-output>
        </test-method> <!-- startTest -->
        <test-method signature="extentReportsDemo()[pri:0, instance:DemoA.Log4JDemo.ExtentReportDemoTest@663c9e7a]" started-at="2022-01-06T16:52:53Z" name="extentReportsDemo" finished-at="2022-01-06T16:52:58Z" duration-ms="5242" status="PASS">
          <reporter-output>
          </reporter-output>
        </test-method> <!-- extentReportsDemo -->
        <test-method is-config="true" signature="endTest()[pri:0, instance:DemoA.Log4JDemo.ExtentReportDemoTest@663c9e7a]" started-at="2022-01-06T16:52:58Z" name="endTest" finished-at="2022-01-06T16:52:59Z" duration-ms="462" status="PASS">
          <reporter-output>
          </reporter-output>
        </test-method> <!-- endTest -->
      </class> <!-- DemoA.Log4JDemo.ExtentReportDemoTest -->
    </test> <!-- Default test -->
  </suite> <!-- Default suite -->
</testng-results>
